<?xml version="1.0" encoding="UTF-8"?>
<testsuite name="com.minho.ownit.OwnItApplicationTests" tests="1" skipped="0" failures="0" errors="0" timestamp="2025-02-19T19:55:52" hostname="DESKTOP-RFJ253S" time="0.306">
  <properties/>
  <testcase name="contextLoads()" classname="com.minho.ownit.OwnItApplicationTests" time="0.306"/>
  <system-out><![CDATA[04:55:49.594 [Test worker] INFO org.springframework.test.context.support.AnnotationConfigContextLoaderUtils -- Could not detect default configuration classes for test class [com.minho.ownit.OwnItApplicationTests]: OwnItApplicationTests does not declare any static, non-private, non-final, nested classes annotated with @Configuration.
04:55:49.660 [Test worker] INFO org.springframework.boot.test.context.SpringBootTestContextBootstrapper -- Found @SpringBootConfiguration com.minho.ownit.OwnItApplication for test class com.minho.ownit.OwnItApplicationTests

  .   ____          _            __ _ _
 /\\ / ___'_ __ _ _(_)_ __  __ _ \ \ \ \
( ( )\___ | '_ | '_| | '_ \/ _` | \ \ \ \
 \\/  ___)| |_)| | | | | || (_| |  ) ) ) )
  '  |____| .__|_| |_|_| |_\__, | / / / /
 =========|_|==============|___/=/_/_/_/
 :: Spring Boot ::                (v3.1.5)

2025-02-20T04:55:49.903+09:00  INFO 8968 --- [    Test worker] com.minho.ownit.OwnItApplicationTests    : Starting OwnItApplicationTests using Java 17.0.3 with PID 8968 (started by coghc in C:\git\OwnIt)
2025-02-20T04:55:49.903+09:00  INFO 8968 --- [    Test worker] com.minho.ownit.OwnItApplicationTests    : The following 1 profile is active: "secret"
2025-02-20T04:55:50.256+09:00  INFO 8968 --- [    Test worker] .s.d.r.c.RepositoryConfigurationDelegate : Bootstrapping Spring Data JPA repositories in DEFAULT mode.
2025-02-20T04:55:50.312+09:00  INFO 8968 --- [    Test worker] .s.d.r.c.RepositoryConfigurationDelegate : Finished Spring Data repository scanning in 49 ms. Found 13 JPA repository interfaces.
2025-02-20T04:55:50.604+09:00  INFO 8968 --- [    Test worker] com.zaxxer.hikari.HikariDataSource       : HikariPool-1 - Starting...
2025-02-20T04:55:51.097+09:00  INFO 8968 --- [    Test worker] com.zaxxer.hikari.pool.HikariPool        : HikariPool-1 - Added connection oracle.jdbc.driver.T4CConnection@39ab5ef7
2025-02-20T04:55:51.098+09:00  INFO 8968 --- [    Test worker] com.zaxxer.hikari.HikariDataSource       : HikariPool-1 - Start completed.
2025-02-20T04:55:51.126+09:00  INFO 8968 --- [    Test worker] o.hibernate.jpa.internal.util.LogHelper  : HHH000204: Processing PersistenceUnitInfo [name: default]
2025-02-20T04:55:51.164+09:00  INFO 8968 --- [    Test worker] org.hibernate.Version                    : HHH000412: Hibernate ORM core version 6.2.13.Final
2025-02-20T04:55:51.165+09:00  INFO 8968 --- [    Test worker] org.hibernate.cfg.Environment            : HHH000406: Using bytecode reflection optimizer
2025-02-20T04:55:51.345+09:00  INFO 8968 --- [    Test worker] o.s.o.j.p.SpringPersistenceUnitInfo      : No LoadTimeWeaver setup: ignoring JPA class transformer
2025-02-20T04:55:51.420+09:00  WARN 8968 --- [    Test worker] org.hibernate.orm.deprecation            : HHH90000025: OracleDialect does not need to be specified explicitly using 'hibernate.dialect' (remove the property setting and it will be selected by default)
2025-02-20T04:55:52.155+09:00  INFO 8968 --- [    Test worker] o.h.e.t.j.p.i.JtaPlatformInitiator       : HHH000489: No JTA platform available (set 'hibernate.transaction.jta.platform' to enable JTA platform integration)
2025-02-20T04:55:52.157+09:00  INFO 8968 --- [    Test worker] j.LocalContainerEntityManagerFactoryBean : Initialized JPA EntityManagerFactory for persistence unit 'default'
2025-02-20T04:55:52.507+09:00  WARN 8968 --- [    Test worker] JpaBaseConfiguration$JpaWebConfiguration : spring.jpa.open-in-view is enabled by default. Therefore, database queries may be performed during view rendering. Explicitly configure spring.jpa.open-in-view to disable this warning
2025-02-20T04:55:52.617+09:00  INFO 8968 --- [    Test worker] o.s.b.a.w.s.WelcomePageHandlerMapping    : Adding welcome page template: index
2025-02-20T04:55:52.739+09:00  INFO 8968 --- [    Test worker] com.minho.ownit.OwnItApplicationTests    : Started OwnItApplicationTests in 2.981 seconds (process running for 3.662)
]]></system-out>
  <system-err><![CDATA[]]></system-err>
</testsuite>
